---------------------
Begin Register Values
---------------------
$at = 0x00603038

$v0 = 0x00000000
$v1 = 0xdc3a1560

$a0 = 0x00007ffd
$a1 = 0x00603036
$a2 = 0x00000000
$a3 = 0x00401202

$t0 = 0x00000000
$t1 = 0x002ef5b0
$t2 = 0x00000000
$t3 = 0x0000ffff
$t4 = 0x00000001
$t5 = 0xdc3a1570
$t6 = 0x00007ffd
$t7 = 0x00401217
$t8 = 0x00000000
$t9 = 0xdc3a1590

$s0 = 0x00007ffd
$s1 = 0x004025f6
$s2 = 0x00000000
$s3 = 0x00000001
$s4 = 0x00000000
$s5 = 0x00402540
$s6 = 0x00000000
$s7 = 0x00000000

$k0 = 0x00000000
$k1 = 0x00400cb3

$gp = 0x00000000
$sp = 0xdc3a16d8
$fp = 0x00007ffd
$ra = 0x00402585
---------------------
End Register Values
---------------------
